<?xml version="1.0" encoding="utf-8"?><testsuites><testsuite name="pytest" errors="0" failures="0" skipped="0" tests="1" time="0.353" timestamp="2024-07-11T11:47:29.823812" hostname="fv-az842-180"><testcase classname="tests.test_example" name="test_add_numbers" time="0.001" /></testsuite></testsuites>