<?xml version="1.0" encoding="utf-8"?><testsuites><testsuite name="pytest" errors="0" failures="0" skipped="0" tests="1" time="0.350" timestamp="2024-07-11T09:42:48.129948" hostname="fv-az1152-38"><testcase classname="tests.test_example" name="test_add_numbers" time="0.001" /></testsuite></testsuites>