<?xml version="1.0" encoding="utf-8"?><testsuites><testsuite name="pytest" errors="0" failures="0" skipped="0" tests="1" time="0.467" timestamp="2024-07-11T09:20:36.069541" hostname="fv-az1118-575"><testcase classname="tests.test_example" name="test_add_numbers" time="0.001" /></testsuite></testsuites>