<?xml version="1.0" encoding="utf-8"?><testsuites><testsuite name="pytest" errors="0" failures="0" skipped="0" tests="1" time="0.368" timestamp="2024-07-06T18:07:40.928750" hostname="fv-az1022-995"><testcase classname="tests.test_example" name="test_add_numbers" time="0.001" /></testsuite></testsuites>