<?xml version="1.0" encoding="utf-8"?><testsuites><testsuite name="pytest" errors="0" failures="0" skipped="0" tests="1" time="0.386" timestamp="2024-07-10T19:55:53.199508" hostname="fv-az1382-393"><testcase classname="tests.test_example" name="test_add_numbers" time="0.001" /></testsuite></testsuites>